2019-02-01T05:06:45+00:00 CRITICAL Cannot redeclare isConfirmedPost() (previously declared in D:\xampp\htdocs\ahv\v1\wp-content\themes\classiera-child\template-confirm-images.php:31) in D:\xampp\htdocs\ahv\v1\wp-content\themes\classiera-child\templates\profile\userabout.php on line 26

2019-02-01T05:16:13+00:00 CRITICAL Uncaught Error: Call to undefined function isConfirmedPost() in D:\xampp\htdocs\ahv\v1\wp-content\themes\classiera-child\templates\profile\userabout.php:88
Stack trace:
#0 D:\xampp\htdocs\ahv\v1\wp-includes\template.php(690): require()
#1 D:\xampp\htdocs\ahv\v1\wp-includes\template.php(647): load_template('D:\\xampp\\htdocs...', false)
#2 D:\xampp\htdocs\ahv\v1\wp-includes\general-template.php(155): locate_template(Array, true, false)
#3 D:\xampp\htdocs\ahv\v1\wp-content\themes\classiera-child\template-profile.php(78): get_template_part('templates/profi...')
#4 D:\xampp\htdocs\ahv\v1\wp-includes\template-loader.php(74): include('D:\\xampp\\htdocs...')
#5 D:\xampp\htdocs\ahv\v1\wp-blog-header.php(19): require_once('D:\\xampp\\htdocs...')
#6 D:\xampp\htdocs\ahv\v1\index.php(17): require('D:\\xampp\\htdocs...')
#7 {main}
  thrown in D:\xampp\htdocs\ahv\v1\wp-content\themes\classiera-child\templates\profile\userabout.php on line 88

2019-02-01T05:23:58+00:00 CRITICAL Cannot redeclare isConfirmedPost() (previously declared in D:\xampp\htdocs\ahv\v1\wp-content\themes\classiera-child\template-confirm-images.php:31) in D:\xampp\htdocs\ahv\v1\wp-content\themes\classiera-child\templates\profile\userabout.php on line 85

2019-02-01T05:24:54+00:00 CRITICAL Uncaught Error: Call to undefined function isConfirmedPost() in D:\xampp\htdocs\ahv\v1\wp-content\themes\classiera-child\templates\profile\userabout.php:98
Stack trace:
#0 D:\xampp\htdocs\ahv\v1\wp-includes\template.php(690): require()
#1 D:\xampp\htdocs\ahv\v1\wp-includes\template.php(647): load_template('D:\\xampp\\htdocs...', false)
#2 D:\xampp\htdocs\ahv\v1\wp-includes\general-template.php(155): locate_template(Array, true, false)
#3 D:\xampp\htdocs\ahv\v1\wp-content\themes\classiera-child\template-profile.php(78): get_template_part('templates/profi...')
#4 D:\xampp\htdocs\ahv\v1\wp-includes\template-loader.php(74): include('D:\\xampp\\htdocs...')
#5 D:\xampp\htdocs\ahv\v1\wp-blog-header.php(19): require_once('D:\\xampp\\htdocs...')
#6 D:\xampp\htdocs\ahv\v1\index.php(17): require('D:\\xampp\\htdocs...')
#7 {main}
  thrown in D:\xampp\htdocs\ahv\v1\wp-content\themes\classiera-child\templates\profile\userabout.php on line 98

2019-02-01T05:26:46+00:00 CRITICAL Uncaught Error: Call to undefined function isConfirmedPost() in D:\xampp\htdocs\ahv\v1\wp-content\themes\classiera-child\templates\profile\userabout.php:98
Stack trace:
#0 D:\xampp\htdocs\ahv\v1\wp-includes\template.php(690): require()
#1 D:\xampp\htdocs\ahv\v1\wp-includes\template.php(647): load_template('D:\\xampp\\htdocs...', false)
#2 D:\xampp\htdocs\ahv\v1\wp-includes\general-template.php(155): locate_template(Array, true, false)
#3 D:\xampp\htdocs\ahv\v1\wp-content\themes\classiera-child\template-profile.php(78): get_template_part('templates/profi...')
#4 D:\xampp\htdocs\ahv\v1\wp-includes\template-loader.php(74): include('D:\\xampp\\htdocs...')
#5 D:\xampp\htdocs\ahv\v1\wp-blog-header.php(19): require_once('D:\\xampp\\htdocs...')
#6 D:\xampp\htdocs\ahv\v1\index.php(17): require('D:\\xampp\\htdocs...')
#7 {main}
  thrown in D:\xampp\htdocs\ahv\v1\wp-content\themes\classiera-child\templates\profile\userabout.php on line 98

2019-02-01T05:27:18+00:00 CRITICAL Uncaught Error: Call to undefined function isConfirmedPost() in D:\xampp\htdocs\ahv\v1\wp-content\themes\classiera-child\templates\profile\userabout.php:98
Stack trace:
#0 D:\xampp\htdocs\ahv\v1\wp-includes\template.php(690): require()
#1 D:\xampp\htdocs\ahv\v1\wp-includes\template.php(647): load_template('D:\\xampp\\htdocs...', false)
#2 D:\xampp\htdocs\ahv\v1\wp-includes\general-template.php(155): locate_template(Array, true, false)
#3 D:\xampp\htdocs\ahv\v1\wp-content\themes\classiera-child\template-profile.php(78): get_template_part('templates/profi...')
#4 D:\xampp\htdocs\ahv\v1\wp-includes\template-loader.php(74): include('D:\\xampp\\htdocs...')
#5 D:\xampp\htdocs\ahv\v1\wp-blog-header.php(19): require_once('D:\\xampp\\htdocs...')
#6 D:\xampp\htdocs\ahv\v1\index.php(17): require('D:\\xampp\\htdocs...')
#7 {main}
  thrown in D:\xampp\htdocs\ahv\v1\wp-content\themes\classiera-child\templates\profile\userabout.php on line 98

